<?xml version="1.0" encoding="UTF-8"?>
<testng-results ignored="0" total="1" passed="1" failed="0" skipped="0">
  <reporter-output>
  </reporter-output>
  <suite started-at="2023-07-28T10:30:39 CEST" name="Selenium Testng suite" finished-at="2023-07-28T10:30:47 CEST" duration-ms="7760">
    <groups>
    </groups>
    <test started-at="2023-07-28T10:30:39 CEST" name="Regresion" finished-at="2023-07-28T10:30:47 CEST" duration-ms="7760">
      <class name="tests.ParabankTests.RegisterTests">
        <test-method is-config="true" signature="setUp()[pri:0, instance:tests.ParabankTests.RegisterTests@23b3aa8c]" started-at="2023-07-28T10:30:39 CEST" name="setUp" finished-at="2023-07-28T10:30:39 CEST" duration-ms="155" status="PASS">
          <reporter-output>
          </reporter-output>
        </test-method> <!-- setUp -->
        <test-method is-config="true" signature="goToUrl()[pri:0, instance:tests.ParabankTests.RegisterTests@23b3aa8c]" started-at="2023-07-28T10:30:39 CEST" name="goToUrl" finished-at="2023-07-28T10:30:44 CEST" duration-ms="4283" status="PASS">
          <reporter-output>
          </reporter-output>
        </test-method> <!-- goToUrl -->
        <test-method signature="registerCustomerTest()[pri:0, instance:tests.ParabankTests.RegisterTests@23b3aa8c]" started-at="2023-07-28T10:30:44 CEST" name="registerCustomerTest" finished-at="2023-07-28T10:30:47 CEST" duration-ms="3369" status="PASS">
          <reporter-output>
          </reporter-output>
        </test-method> <!-- registerCustomerTest -->
        <test-method is-config="true" signature="takeScreenshot(org.testng.ITestResult)[pri:0, instance:tests.ParabankTests.RegisterTests@23b3aa8c]" started-at="2023-07-28T10:30:47 CEST" name="takeScreenshot" finished-at="2023-07-28T10:30:47 CEST" duration-ms="6" status="PASS">
          <params>
            <param index="0">
              <value>
                <![CDATA[[TestResult name=registerCustomerTest status=SUCCESS method=RegisterTests.registerCustomerTest()[pri:0, instance:tests.ParabankTests.RegisterTests@23b3aa8c] output={null}]]]>
              </value>
            </param>
          </params>
          <reporter-output>
          </reporter-output>
        </test-method> <!-- takeScreenshot -->
        <test-method is-config="true" signature="tearDown()[pri:0, instance:tests.ParabankTests.RegisterTests@23b3aa8c]" started-at="2023-07-28T10:30:48 CEST" name="tearDown" finished-at="2023-07-28T10:30:48 CEST" duration-ms="235" status="PASS">
          <reporter-output>
          </reporter-output>
        </test-method> <!-- tearDown -->
      </class> <!-- tests.ParabankTests.RegisterTests -->
    </test> <!-- Regresion -->
  </suite> <!-- Selenium Testng suite -->
</testng-results>
